src/mobile/app/build/intermediates/manifest_merge_blame_file/debug/manifest-merger-blame-debug-report.txt
1<?xml version="1.0" encoding="utf-8"?>
2<manifest xmlns:android="http://schemas.android.com/apk/res/android"
3    package="com.example.sfl_mobile"
4    android:versionCode="1"
5    android:versionName="1.0" >
6
7    <uses-sdk
8        android:minSdkVersion="21"
8-->src\main\AndroidManifest.xml
9        android:targetSdkVersion="32" />
9-->src\main\AndroidManifest.xml
10
11    <uses-feature
11-->src\main\AndroidManifest.xml:5:5-7:35
12        android:name="android.hardware.camera"
12-->src\main\AndroidManifest.xml:6:9-47
13        android:required="true" />
13-->src\main\AndroidManifest.xml:7:9-32
14
15    <uses-permission android:name="android.permission.CAMERA" />
15-->src\main\AndroidManifest.xml:9:5-65
15-->src\main\AndroidManifest.xml:9:22-62
16
17    <uses-feature android:name="android.hardware.camera.autofocus" />
17-->src\main\AndroidManifest.xml:11:5-70
17-->src\main\AndroidManifest.xml:11:19-67
18
19    <uses-permission android:name="android.permission.INTERNET" />
19-->src\main\AndroidManifest.xml:13:5-67
19-->src\main\AndroidManifest.xml:13:22-64
20    <uses-permission android:name="android.permission.ACCESS_NETWORK_STATE" />
20-->src\main\AndroidManifest.xml:14:5-79
20-->src\main\AndroidManifest.xml:14:22-76
21    <uses-permission android:name="android.permission.ACCESS_WIFI_STATE" />
21-->src\main\AndroidManifest.xml:15:5-76
21-->src\main\AndroidManifest.xml:15:22-73
22
23    <application
23-->src\main\AndroidManifest.xml:17:5-97:19
24        android:allowBackup="true"
24-->src\main\AndroidManifest.xml:18:9-35
25        android:appComponentFactory="androidx.core.app.CoreComponentFactory"
25-->[androidx.core:core:1.8.0] AndroidManifest.xml:24:18-86
26        android:dataExtractionRules="@xml/data_extraction_rules"
26-->src\main\AndroidManifest.xml:19:9-65
27        android:debuggable="true"
28        android:fullBackupContent="@xml/backup_rules"
28-->src\main\AndroidManifest.xml:20:9-54
29        android:icon="@mipmap/ic_launcher"
29-->src\main\AndroidManifest.xml:21:9-43
30        android:label="@string/app_name"
30-->src\main\AndroidManifest.xml:22:9-41
31        android:roundIcon="@mipmap/ic_launcher_round"
31-->src\main\AndroidManifest.xml:23:9-54
32        android:supportsRtl="true"
32-->src\main\AndroidManifest.xml:24:9-35
33        android:theme="@style/Theme.SFLMobile"
33-->src\main\AndroidManifest.xml:25:9-47
34        android:usesCleartextTraffic="true" >
34-->src\main\AndroidManifest.xml:26:9-44
35        <activity
35-->src\main\AndroidManifest.xml:28:9-34:20
36            android:name="com.example.sfl_mobile.EmployeeJobsActivity"
36-->src\main\AndroidManifest.xml:29:13-49
37            android:exported="false" >
37-->src\main\AndroidManifest.xml:30:13-37
38            <meta-data
38-->src\main\AndroidManifest.xml:31:13-33:36
39                android:name="android.app.lib_name"
39-->src\main\AndroidManifest.xml:32:17-52
40                android:value="" />
40-->src\main\AndroidManifest.xml:33:17-33
41        </activity>
42        <activity
42-->src\main\AndroidManifest.xml:35:9-41:20
43            android:name="com.example.sfl_mobile.EmployeesActivity"
43-->src\main\AndroidManifest.xml:36:13-46
44            android:exported="false" >
44-->src\main\AndroidManifest.xml:37:13-37
45            <meta-data
45-->src\main\AndroidManifest.xml:31:13-33:36
46                android:name="android.app.lib_name"
46-->src\main\AndroidManifest.xml:32:17-52
47                android:value="" />
47-->src\main\AndroidManifest.xml:33:17-33
48        </activity>
49        <activity
49-->src\main\AndroidManifest.xml:42:9-48:20
50            android:name="com.example.sfl_mobile.ManagerActivity"
50-->src\main\AndroidManifest.xml:43:13-44
51            android:exported="false" >
51-->src\main\AndroidManifest.xml:44:13-37
52            <meta-data
52-->src\main\AndroidManifest.xml:31:13-33:36
53                android:name="android.app.lib_name"
53-->src\main\AndroidManifest.xml:32:17-52
54                android:value="" />
54-->src\main\AndroidManifest.xml:33:17-33
55        </activity>
56
57        <provider
58            android:name="androidx.core.content.FileProvider"
58-->src\main\AndroidManifest.xml:51:13-62
59            android:authorities="com.example.sfl_mobile.provider"
59-->src\main\AndroidManifest.xml:52:13-60
60            android:exported="false"
60-->src\main\AndroidManifest.xml:53:13-37
61            android:grantUriPermissions="true" >
61-->src\main\AndroidManifest.xml:54:13-47
62            <meta-data
62-->src\main\AndroidManifest.xml:55:13-57:58
63                android:name="android.support.FILE_PROVIDER_PATHS"
63-->src\main\AndroidManifest.xml:56:17-67
64                android:resource="@xml/provider_paths" />
64-->src\main\AndroidManifest.xml:57:17-55
65        </provider>
66
67        <activity
67-->src\main\AndroidManifest.xml:60:9-66:20
68            android:name="com.example.sfl_mobile.ScannedBarcodeActivity"
68-->src\main\AndroidManifest.xml:61:13-51
69            android:exported="false" >
69-->src\main\AndroidManifest.xml:62:13-37
70            <meta-data
70-->src\main\AndroidManifest.xml:31:13-33:36
71                android:name="android.app.lib_name"
71-->src\main\AndroidManifest.xml:32:17-52
72                android:value="" />
72-->src\main\AndroidManifest.xml:33:17-33
73        </activity>
74        <activity
74-->src\main\AndroidManifest.xml:67:9-73:20
75            android:name="com.example.sfl_mobile.PictureBarcodeActivity"
75-->src\main\AndroidManifest.xml:68:13-51
76            android:exported="false" >
76-->src\main\AndroidManifest.xml:69:13-37
77            <meta-data
77-->src\main\AndroidManifest.xml:31:13-33:36
78                android:name="android.app.lib_name"
78-->src\main\AndroidManifest.xml:32:17-52
79                android:value="" />
79-->src\main\AndroidManifest.xml:33:17-33
80        </activity>
81
82        <meta-data
82-->src\main\AndroidManifest.xml:75:9-77:39
83            android:name="com.google.android.gms.vision.DEPENDENCIES"
83-->src\main\AndroidManifest.xml:76:13-70
84            android:value="barcode" />
84-->src\main\AndroidManifest.xml:77:13-36
85
86        <activity
86-->src\main\AndroidManifest.xml:80:9-86:20
87            android:name="com.example.sfl_mobile.JobsActivity"
87-->src\main\AndroidManifest.xml:81:13-41
88            android:exported="false" >
88-->src\main\AndroidManifest.xml:82:13-37
89            <meta-data
89-->src\main\AndroidManifest.xml:31:13-33:36
90                android:name="android.app.lib_name"
90-->src\main\AndroidManifest.xml:32:17-52
91                android:value="" />
91-->src\main\AndroidManifest.xml:33:17-33
92        </activity>
93        <activity
93-->src\main\AndroidManifest.xml:87:9-96:20
94            android:name="com.example.sfl_mobile.ui.login.LoginActivity"
94-->src\main\AndroidManifest.xml:88:13-51
95            android:exported="true"
95-->src\main\AndroidManifest.xml:89:13-36
96            android:label="@string/app_name" >
96-->src\main\AndroidManifest.xml:90:13-45
97            <intent-filter>
97-->src\main\AndroidManifest.xml:91:13-95:29
98                <action android:name="android.intent.action.MAIN" />
98-->src\main\AndroidManifest.xml:92:17-69
98-->src\main\AndroidManifest.xml:92:25-66
99
100                <category android:name="android.intent.category.LAUNCHER" />
100-->src\main\AndroidManifest.xml:94:17-77
100-->src\main\AndroidManifest.xml:94:27-74
101            </intent-filter>
102        </activity>
103
104        <service
104-->[com.google.android.gms:play-services-mlkit-barcode-scanning:18.1.0] AndroidManifest.xml:9:9-15:19
105            android:name="com.google.mlkit.common.internal.MlKitComponentDiscoveryService"
105-->[com.google.android.gms:play-services-mlkit-barcode-scanning:18.1.0] AndroidManifest.xml:10:13-91
106            android:directBootAware="true"
106-->[com.google.mlkit:common:18.6.0] AndroidManifest.xml:17:13-43
107            android:exported="false" >
107-->[com.google.android.gms:play-services-mlkit-barcode-scanning:18.1.0] AndroidManifest.xml:11:13-37
108            <meta-data
108-->[com.google.android.gms:play-services-mlkit-barcode-scanning:18.1.0] AndroidManifest.xml:12:13-14:85
109                android:name="com.google.firebase.components:com.google.mlkit.vision.barcode.internal.BarcodeRegistrar"
109-->[com.google.android.gms:play-services-mlkit-barcode-scanning:18.1.0] AndroidManifest.xml:13:17-120
110                android:value="com.google.firebase.components.ComponentRegistrar" />
110-->[com.google.android.gms:play-services-mlkit-barcode-scanning:18.1.0] AndroidManifest.xml:14:17-82
111            <meta-data
111-->[com.google.mlkit:vision-common:17.3.0] AndroidManifest.xml:12:13-14:85
112                android:name="com.google.firebase.components:com.google.mlkit.vision.common.internal.VisionCommonRegistrar"
112-->[com.google.mlkit:vision-common:17.3.0] AndroidManifest.xml:13:17-124
113                android:value="com.google.firebase.components.ComponentRegistrar" />
113-->[com.google.mlkit:vision-common:17.3.0] AndroidManifest.xml:14:17-82
114            <meta-data
114-->[com.google.mlkit:common:18.6.0] AndroidManifest.xml:20:13-22:85
115                android:name="com.google.firebase.components:com.google.mlkit.common.internal.CommonComponentRegistrar"
115-->[com.google.mlkit:common:18.6.0] AndroidManifest.xml:21:17-120
116                android:value="com.google.firebase.components.ComponentRegistrar" />
116-->[com.google.mlkit:common:18.6.0] AndroidManifest.xml:22:17-82
117        </service>
118        <service
118-->[androidx.camera:camera-camera2:1.2.0] AndroidManifest.xml:24:9-33:19
119            android:name="androidx.camera.core.impl.MetadataHolderService"
119-->[androidx.camera:camera-camera2:1.2.0] AndroidManifest.xml:25:13-75
120            android:enabled="false"
120-->[androidx.camera:camera-camera2:1.2.0] AndroidManifest.xml:26:13-36
121            android:exported="false" >
121-->[androidx.camera:camera-camera2:1.2.0] AndroidManifest.xml:27:13-37
122            <meta-data
122-->[androidx.camera:camera-camera2:1.2.0] AndroidManifest.xml:30:13-32:89
123                android:name="androidx.camera.core.impl.MetadataHolderService.DEFAULT_CONFIG_PROVIDER"
123-->[androidx.camera:camera-camera2:1.2.0] AndroidManifest.xml:31:17-103
124                android:value="androidx.camera.camera2.Camera2Config$DefaultProvider" />
124-->[androidx.camera:camera-camera2:1.2.0] AndroidManifest.xml:32:17-86
125        </service>
126
127        <provider
127-->[com.google.mlkit:common:18.6.0] AndroidManifest.xml:9:9-13:38
128            android:name="com.google.mlkit.common.internal.MlKitInitProvider"
128-->[com.google.mlkit:common:18.6.0] AndroidManifest.xml:10:13-78
129            android:authorities="com.example.sfl_mobile.mlkitinitprovider"
129-->[com.google.mlkit:common:18.6.0] AndroidManifest.xml:11:13-69
130            android:exported="false"
130-->[com.google.mlkit:common:18.6.0] AndroidManifest.xml:12:13-37
131            android:initOrder="99" />
131-->[com.google.mlkit:common:18.6.0] AndroidManifest.xml:13:13-35
132
133        <service
133-->[com.google.android.datatransport:transport-backend-cct:2.3.3] AndroidManifest.xml:29:9-35:19
134            android:name="com.google.android.datatransport.runtime.backends.TransportBackendDiscovery"
134-->[com.google.android.datatransport:transport-backend-cct:2.3.3] AndroidManifest.xml:30:13-103
135            android:exported="false" >
135-->[com.google.android.datatransport:transport-backend-cct:2.3.3] AndroidManifest.xml:31:13-37
136            <meta-data
136-->[com.google.android.datatransport:transport-backend-cct:2.3.3] AndroidManifest.xml:32:13-34:39
137                android:name="backend:com.google.android.datatransport.cct.CctBackendFactory"
137-->[com.google.android.datatransport:transport-backend-cct:2.3.3] AndroidManifest.xml:33:17-94
138                android:value="cct" />
138-->[com.google.android.datatransport:transport-backend-cct:2.3.3] AndroidManifest.xml:34:17-36
139        </service>
140        <service
140-->[com.google.android.datatransport:transport-runtime:2.2.6] AndroidManifest.xml:26:9-30:19
141            android:name="com.google.android.datatransport.runtime.scheduling.jobscheduling.JobInfoSchedulerService"
141-->[com.google.android.datatransport:transport-runtime:2.2.6] AndroidManifest.xml:27:13-117
142            android:exported="false"
142-->[com.google.android.datatransport:transport-runtime:2.2.6] AndroidManifest.xml:28:13-37
143            android:permission="android.permission.BIND_JOB_SERVICE" >
143-->[com.google.android.datatransport:transport-runtime:2.2.6] AndroidManifest.xml:29:13-69
144        </service>
145
146        <receiver
146-->[com.google.android.datatransport:transport-runtime:2.2.6] AndroidManifest.xml:32:9-34:40
147            android:name="com.google.android.datatransport.runtime.scheduling.jobscheduling.AlarmManagerSchedulerBroadcastReceiver"
147-->[com.google.android.datatransport:transport-runtime:2.2.6] AndroidManifest.xml:33:13-132
148            android:exported="false" />
148-->[com.google.android.datatransport:transport-runtime:2.2.6] AndroidManifest.xml:34:13-37
149
150        <activity
150-->[com.google.android.gms:play-services-base:18.1.0] AndroidManifest.xml:20:9-22:45
151            android:name="com.google.android.gms.common.api.GoogleApiActivity"
151-->[com.google.android.gms:play-services-base:18.1.0] AndroidManifest.xml:20:19-85
152            android:exported="false"
152-->[com.google.android.gms:play-services-base:18.1.0] AndroidManifest.xml:22:19-43
153            android:theme="@android:style/Theme.Translucent.NoTitleBar" />
153-->[com.google.android.gms:play-services-base:18.1.0] AndroidManifest.xml:21:19-78
154
155        <meta-data
155-->[com.google.android.gms:play-services-basement:18.1.0] AndroidManifest.xml:21:9-23:69
156            android:name="com.google.android.gms.version"
156-->[com.google.android.gms:play-services-basement:18.1.0] AndroidManifest.xml:22:13-58
157            android:value="@integer/google_play_services_version" />
157-->[com.google.android.gms:play-services-basement:18.1.0] AndroidManifest.xml:23:13-66
158
159        <provider
159-->[androidx.emoji2:emoji2:1.2.0] AndroidManifest.xml:24:9-32:20
160            android:name="androidx.startup.InitializationProvider"
160-->[androidx.emoji2:emoji2:1.2.0] AndroidManifest.xml:25:13-67
161            android:authorities="com.example.sfl_mobile.androidx-startup"
161-->[androidx.emoji2:emoji2:1.2.0] AndroidManifest.xml:26:13-68
162            android:exported="false" >
162-->[androidx.emoji2:emoji2:1.2.0] AndroidManifest.xml:27:13-37
163            <meta-data
163-->[androidx.emoji2:emoji2:1.2.0] AndroidManifest.xml:29:13-31:52
164                android:name="androidx.emoji2.text.EmojiCompatInitializer"
164-->[androidx.emoji2:emoji2:1.2.0] AndroidManifest.xml:30:17-75
165                android:value="androidx.startup" />
165-->[androidx.emoji2:emoji2:1.2.0] AndroidManifest.xml:31:17-49
166            <meta-data
166-->[androidx.lifecycle:lifecycle-process:2.4.1] AndroidManifest.xml:31:13-33:52
167                android:name="androidx.lifecycle.ProcessLifecycleInitializer"
167-->[androidx.lifecycle:lifecycle-process:2.4.1] AndroidManifest.xml:32:17-78
168                android:value="androidx.startup" />
168-->[androidx.lifecycle:lifecycle-process:2.4.1] AndroidManifest.xml:33:17-49
169        </provider>
170
171        <uses-library
171-->[androidx.window:window:1.0.0] AndroidManifest.xml:25:9-27:40
172            android:name="androidx.window.extensions"
172-->[androidx.window:window:1.0.0] AndroidManifest.xml:26:13-54
173            android:required="false" />
173-->[androidx.window:window:1.0.0] AndroidManifest.xml:27:13-37
174        <uses-library
174-->[androidx.window:window:1.0.0] AndroidManifest.xml:28:9-30:40
175            android:name="androidx.window.sidecar"
175-->[androidx.window:window:1.0.0] AndroidManifest.xml:29:13-51
176            android:required="false" />
176-->[androidx.window:window:1.0.0] AndroidManifest.xml:30:13-37
177    </application>
178
179</manifest>